<?xml version="1.0" encoding="UTF-8"?>
<testng-results skipped="0" failed="0" total="1" passed="1">
  <reporter-output>
  </reporter-output>
  <suite name="Default suite" duration-ms="27202" started-at="2021-03-18T14:12:04Z" finished-at="2021-03-18T14:12:32Z">
    <groups>
    </groups>
    <test name="Default test" duration-ms="27202" started-at="2021-03-18T14:12:04Z" finished-at="2021-03-18T14:12:32Z">
      <class name="com.tests.LoginTest">
        <test-method status="PASS" signature="setup()[pri:0, instance:com.tests.LoginTest@5d5eef3d]" name="setup" is-config="true" duration-ms="23492" started-at="2021-03-18T19:42:04Z" finished-at="2021-03-18T19:42:28Z">
          <reporter-output>
          </reporter-output>
        </test-method> <!-- setup -->
        <test-method status="PASS" signature="freecrmtitle()[pri:0, instance:com.tests.LoginTest@5d5eef3d]" name="freecrmtitle" duration-ms="30" started-at="2021-03-18T19:42:28Z" finished-at="2021-03-18T19:42:28Z">
          <reporter-output>
          </reporter-output>
        </test-method> <!-- freecrmtitle -->
        <test-method status="PASS" signature="tearDown()[pri:0, instance:com.tests.LoginTest@5d5eef3d]" name="tearDown" is-config="true" duration-ms="3646" started-at="2021-03-18T19:42:28Z" finished-at="2021-03-18T19:42:32Z">
          <reporter-output>
          </reporter-output>
        </test-method> <!-- tearDown -->
      </class> <!-- com.tests.LoginTest -->
    </test> <!-- Default test -->
  </suite> <!-- Default suite -->
</testng-results>
